2017-12-20 13:10:54,311 [Worker-6] INFO  c.g.t.t.d.PublishedGradleVersions - Gradle version information cache is not available. Remote download required.
2017-12-21 08:34:42,741 [Worker-0] INFO  c.g.t.t.d.PublishedGradleVersions - Gradle version information cache is up-to-date. Trying to read.
2017-12-21 10:13:25,380 [Worker-1] INFO  c.g.t.t.d.PublishedGradleVersions - Gradle version information cache is up-to-date. Trying to read.
2018-01-09 13:57:34,176 [Worker-5] INFO  c.g.t.t.d.PublishedGradleVersions - Gradle version information cache is out-of-date. Trying to update.
2018-01-09 14:04:21,212 [Worker-0] INFO  c.g.t.t.d.PublishedGradleVersions - Gradle version information cache is up-to-date. Trying to read.
2019-05-30 18:51:04,407 [Worker-5] INFO  c.g.t.t.d.PublishedGradleVersions - Gradle version information cache is up-to-date. Trying to read.
2019-05-30 19:05:58,428 [Worker-5] INFO  c.g.t.t.d.PublishedGradleVersions - Gradle version information cache is up-to-date. Trying to read.
2019-05-31 17:32:42,263 [Start Help Server] INFO  org.eclipse.jetty.util.log - Logging initialized @134402ms to org.eclipse.jetty.util.log.Slf4jLog
2019-05-31 17:32:43,403 [Start Help Server] INFO  org.eclipse.jetty.server.Server - jetty-9.4.8.v20171121, build timestamp: 2017-11-21T16:27:37-05:00, git hash: 82b8fb23f757335bb3329d540ce37a2a2615f0a8
2019-05-31 17:32:43,424 [Start Help Server] INFO  org.eclipse.jetty.server.session - DefaultSessionIdManager workerName=node0
2019-05-31 17:32:43,425 [Start Help Server] INFO  org.eclipse.jetty.server.session - No SessionScavenger set, using defaults
2019-05-31 17:32:43,426 [Start Help Server] INFO  org.eclipse.jetty.server.session - Scavenging every 600000ms
2019-05-31 17:32:43,458 [Start Help Server] INFO  o.e.j.server.handler.ContextHandler - Started o.e.j.s.ServletContextHandler@51d237e5{/help,null,AVAILABLE}
2019-05-31 17:32:43,499 [Start Help Server] INFO  o.e.jetty.server.AbstractConnector - Started ServerConnector@1d51ea81{HTTP/1.1,[http/1.1]}{127.0.0.1:49898}
2019-05-31 17:32:43,499 [Start Help Server] INFO  org.eclipse.jetty.server.Server - Started @135641ms
2019-05-31 18:03:17,050 [Worker-14] INFO  c.g.t.t.d.PublishedGradleVersions - Gradle version information cache is up-to-date. Trying to read.
2019-05-31 18:10:20,096 [Stop Help Server] INFO  o.e.jetty.server.AbstractConnector - Stopped ServerConnector@1d51ea81{HTTP/1.1,[http/1.1]}{127.0.0.1:0}
2019-05-31 18:10:20,097 [Stop Help Server] INFO  org.eclipse.jetty.server.session - Stopped scavenging
2019-05-31 18:10:20,111 [Stop Help Server] INFO  o.e.j.server.handler.ContextHandler - Stopped o.e.j.s.ServletContextHandler@51d237e5{/help,null,UNAVAILABLE}
2019-05-31 18:11:04,734 [Worker-3] INFO  c.g.t.t.d.PublishedGradleVersions - Gradle version information cache is up-to-date. Trying to read.
2019-06-04 16:32:35,659 [Worker-8] INFO  c.g.t.t.d.PublishedGradleVersions - Gradle version information cache is out-of-date. Trying to update.
2019-06-06 18:14:11,209 [Worker-5] INFO  c.g.t.t.d.PublishedGradleVersions - Gradle version information cache is out-of-date. Trying to update.
2019-06-07 15:17:28,418 [Worker-0] INFO  c.g.t.t.d.PublishedGradleVersions - Gradle version information cache is up-to-date. Trying to read.
2019-06-07 15:24:00,533 [Worker-1] INFO  c.g.t.t.d.PublishedGradleVersions - Gradle version information cache is up-to-date. Trying to read.
2019-06-10 16:39:58,063 [Worker-0] INFO  c.g.t.t.d.PublishedGradleVersions - Gradle version information cache is up-to-date. Trying to read.
2019-06-10 16:42:49,750 [Worker-7] INFO  c.g.t.t.d.PublishedGradleVersions - Gradle version information cache is up-to-date. Trying to read.
2019-06-10 16:44:56,040 [Worker-5] INFO  c.g.t.t.d.PublishedGradleVersions - Gradle version information cache is up-to-date. Trying to read.
2019-06-10 16:48:29,205 [Worker-3] INFO  c.g.t.t.d.PublishedGradleVersions - Gradle version information cache is up-to-date. Trying to read.
